<?xml version="1.0" encoding="UTF-8"?>
<!-- Generated by org.testng.reporters.JUnitReportReporter -->
<testsuite hostname="DESKTOP-IP4K28O" failures="0" tests="1" name="chromeoptionsClass.PracticeTest1" time="33.263" errors="0" timestamp="2024-08-19T09:58:49 IST" skipped="0">
  <testcase classname="chromeoptionsClass.PracticeTest1" name="removeAutomatedBySoftwareBar" time="33.263"/>
  <system-out/>
</testsuite> <!-- chromeoptionsClass.PracticeTest1 -->
