<?xml version="1.0" encoding="UTF-8"?>
<!-- Generated by org.testng.reporters.JUnitReportReporter -->
<testsuite hostname="DESKTOP-IP4K28O" failures="0" tests="1" name="chromeoptionsClass.HandleAnyNotifications" time="24.130" errors="0" timestamp="2024-08-19T10:25:44 IST" skipped="0">
  <testcase classname="chromeoptionsClass.HandleAnyNotifications" name="handleNotifications" time="24.130"/>
  <system-out/>
</testsuite> <!-- chromeoptionsClass.HandleAnyNotifications -->
