<?xml version="1.0" encoding="UTF-8"?>
<!-- Generated by org.testng.reporters.JUnitReportReporter -->
<testsuite hostname="LAPTOP-H7R7DK85" failures="0" tests="1" name="seleniumGrid.Practice1" time="16.158" errors="0" timestamp="2024-08-30T10:46:05 IST" skipped="0">
  <testcase classname="seleniumGrid.Practice1" name="gridPracticeTest" time="16.158"/>
  <system-out/>
</testsuite> <!-- seleniumGrid.Practice1 -->
